C:\OPENGL\PROJECT\HANDANIMATION\HANDANIMATION\DEBUG\CONTROLS.OBJ
C:\OPENGL\PROJECT\HANDANIMATION\HANDANIMATION\DEBUG\SHADER.OBJ
C:\OPENGL\PROJECT\HANDANIMATION\HANDANIMATION\DEBUG\VC110.PDB
C:\OPENGL\PROJECT\HANDANIMATION\HANDANIMATION\DEBUG\HAND.OBJ
C:\OPENGL\PROJECT\HANDANIMATION\HANDANIMATION\DEBUG\MATHS_FUNCS.OBJ
C:\OPENGL\PROJECT\HANDANIMATION\HANDANIMATION\DEBUG\BONE.OBJ
C:\OPENGL\PROJECT\HANDANIMATION\HANDANIMATION\DEBUG\SHAPEGENERATOR.OBJ
C:\OPENGL\PROJECT\HANDANIMATION\HANDANIMATION\DEBUG\SKELETON.OBJ
C:\OPENGL\PROJECT\HANDANIMATION\DEBUG\HANDANIMATION.ILK
C:\OPENGL\PROJECT\HANDANIMATION\DEBUG\HANDANIMATION.EXE
C:\OPENGL\PROJECT\HANDANIMATION\DEBUG\HANDANIMATION.PDB
C:\Opengl\Project\HandAnimation\HandAnimation\Debug\Bone.obj
C:\Opengl\Project\HandAnimation\HandAnimation\Debug\controls.obj
C:\Opengl\Project\HandAnimation\HandAnimation\Debug\Hand.obj
C:\Opengl\Project\HandAnimation\HandAnimation\Debug\maths_funcs.obj
C:\Opengl\Project\HandAnimation\HandAnimation\Debug\shader.obj
C:\Opengl\Project\HandAnimation\HandAnimation\Debug\ShapeGenerator.obj
C:\Opengl\Project\HandAnimation\HandAnimation\Debug\Skeleton.obj
C:\Opengl\Project\HandAnimation\HandAnimation\Debug\cl.command.1.tlog
C:\Opengl\Project\HandAnimation\HandAnimation\Debug\CL.read.1.tlog
C:\Opengl\Project\HandAnimation\HandAnimation\Debug\CL.write.1.tlog
C:\Opengl\Project\HandAnimation\HandAnimation\Debug\link-cvtres.read.1.tlog
C:\Opengl\Project\HandAnimation\HandAnimation\Debug\link-cvtres.write.1.tlog
C:\Opengl\Project\HandAnimation\HandAnimation\Debug\link-rc.read.1.tlog
C:\Opengl\Project\HandAnimation\HandAnimation\Debug\link-rc.write.1.tlog
C:\Opengl\Project\HandAnimation\HandAnimation\Debug\link.10184-cvtres.read.1.tlog
C:\Opengl\Project\HandAnimation\HandAnimation\Debug\link.10184-cvtres.write.1.tlog
C:\Opengl\Project\HandAnimation\HandAnimation\Debug\link.10184-rc.read.1.tlog
C:\Opengl\Project\HandAnimation\HandAnimation\Debug\link.10184-rc.write.1.tlog
C:\Opengl\Project\HandAnimation\HandAnimation\Debug\link.10184.read.1.tlog
C:\Opengl\Project\HandAnimation\HandAnimation\Debug\link.10184.write.1.tlog
C:\Opengl\Project\HandAnimation\HandAnimation\Debug\link.10636-cvtres.read.1.tlog
C:\Opengl\Project\HandAnimation\HandAnimation\Debug\link.10636-cvtres.write.1.tlog
C:\Opengl\Project\HandAnimation\HandAnimation\Debug\link.10636-rc.read.1.tlog
C:\Opengl\Project\HandAnimation\HandAnimation\Debug\link.10636-rc.write.1.tlog
C:\Opengl\Project\HandAnimation\HandAnimation\Debug\link.10636.read.1.tlog
C:\Opengl\Project\HandAnimation\HandAnimation\Debug\link.10636.write.1.tlog
C:\Opengl\Project\HandAnimation\HandAnimation\Debug\link.10860-cvtres.read.1.tlog
C:\Opengl\Project\HandAnimation\HandAnimation\Debug\link.10860-cvtres.write.1.tlog
C:\Opengl\Project\HandAnimation\HandAnimation\Debug\link.10860-rc.read.1.tlog
C:\Opengl\Project\HandAnimation\HandAnimation\Debug\link.10860-rc.write.1.tlog
C:\Opengl\Project\HandAnimation\HandAnimation\Debug\link.10860.read.1.tlog
C:\Opengl\Project\HandAnimation\HandAnimation\Debug\link.10860.write.1.tlog
C:\Opengl\Project\HandAnimation\HandAnimation\Debug\link.10996-cvtres.read.1.tlog
C:\Opengl\Project\HandAnimation\HandAnimation\Debug\link.10996-cvtres.write.1.tlog
C:\Opengl\Project\HandAnimation\HandAnimation\Debug\link.10996-rc.read.1.tlog
C:\Opengl\Project\HandAnimation\HandAnimation\Debug\link.10996-rc.write.1.tlog
C:\Opengl\Project\HandAnimation\HandAnimation\Debug\link.10996.read.1.tlog
C:\Opengl\Project\HandAnimation\HandAnimation\Debug\link.10996.write.1.tlog
C:\Opengl\Project\HandAnimation\HandAnimation\Debug\link.11136-cvtres.read.1.tlog
C:\Opengl\Project\HandAnimation\HandAnimation\Debug\link.11136-cvtres.write.1.tlog
C:\Opengl\Project\HandAnimation\HandAnimation\Debug\link.11136-rc.read.1.tlog
C:\Opengl\Project\HandAnimation\HandAnimation\Debug\link.11136-rc.write.1.tlog
C:\Opengl\Project\HandAnimation\HandAnimation\Debug\link.11136.read.1.tlog
C:\Opengl\Project\HandAnimation\HandAnimation\Debug\link.11136.write.1.tlog
C:\Opengl\Project\HandAnimation\HandAnimation\Debug\link.11900-cvtres.read.1.tlog
C:\Opengl\Project\HandAnimation\HandAnimation\Debug\link.11900-cvtres.write.1.tlog
C:\Opengl\Project\HandAnimation\HandAnimation\Debug\link.11900-rc.read.1.tlog
C:\Opengl\Project\HandAnimation\HandAnimation\Debug\link.11900-rc.write.1.tlog
C:\Opengl\Project\HandAnimation\HandAnimation\Debug\link.11900.read.1.tlog
C:\Opengl\Project\HandAnimation\HandAnimation\Debug\link.11900.write.1.tlog
C:\Opengl\Project\HandAnimation\HandAnimation\Debug\link.4164-cvtres.read.1.tlog
C:\Opengl\Project\HandAnimation\HandAnimation\Debug\link.4164-cvtres.write.1.tlog
C:\Opengl\Project\HandAnimation\HandAnimation\Debug\link.4164-rc.read.1.tlog
C:\Opengl\Project\HandAnimation\HandAnimation\Debug\link.4164-rc.write.1.tlog
C:\Opengl\Project\HandAnimation\HandAnimation\Debug\link.4164.read.1.tlog
C:\Opengl\Project\HandAnimation\HandAnimation\Debug\link.4164.write.1.tlog
C:\Opengl\Project\HandAnimation\HandAnimation\Debug\link.4496-cvtres.read.1.tlog
C:\Opengl\Project\HandAnimation\HandAnimation\Debug\link.4496-cvtres.write.1.tlog
C:\Opengl\Project\HandAnimation\HandAnimation\Debug\link.4496-rc.read.1.tlog
C:\Opengl\Project\HandAnimation\HandAnimation\Debug\link.4496-rc.write.1.tlog
C:\Opengl\Project\HandAnimation\HandAnimation\Debug\link.4496.read.1.tlog
C:\Opengl\Project\HandAnimation\HandAnimation\Debug\link.4496.write.1.tlog
C:\Opengl\Project\HandAnimation\HandAnimation\Debug\link.4556-cvtres.read.1.tlog
C:\Opengl\Project\HandAnimation\HandAnimation\Debug\link.4556-cvtres.write.1.tlog
C:\Opengl\Project\HandAnimation\HandAnimation\Debug\link.4556-rc.read.1.tlog
C:\Opengl\Project\HandAnimation\HandAnimation\Debug\link.4556-rc.write.1.tlog
C:\Opengl\Project\HandAnimation\HandAnimation\Debug\link.4556.read.1.tlog
C:\Opengl\Project\HandAnimation\HandAnimation\Debug\link.4556.write.1.tlog
C:\Opengl\Project\HandAnimation\HandAnimation\Debug\link.4784-cvtres.read.1.tlog
C:\Opengl\Project\HandAnimation\HandAnimation\Debug\link.4784-cvtres.write.1.tlog
C:\Opengl\Project\HandAnimation\HandAnimation\Debug\link.4784-rc.read.1.tlog
C:\Opengl\Project\HandAnimation\HandAnimation\Debug\link.4784-rc.write.1.tlog
C:\Opengl\Project\HandAnimation\HandAnimation\Debug\link.4784.read.1.tlog
C:\Opengl\Project\HandAnimation\HandAnimation\Debug\link.4784.write.1.tlog
C:\Opengl\Project\HandAnimation\HandAnimation\Debug\link.5136-cvtres.read.1.tlog
C:\Opengl\Project\HandAnimation\HandAnimation\Debug\link.5136-cvtres.write.1.tlog
C:\Opengl\Project\HandAnimation\HandAnimation\Debug\link.5136-rc.read.1.tlog
C:\Opengl\Project\HandAnimation\HandAnimation\Debug\link.5136-rc.write.1.tlog
C:\Opengl\Project\HandAnimation\HandAnimation\Debug\link.5136.read.1.tlog
C:\Opengl\Project\HandAnimation\HandAnimation\Debug\link.5136.write.1.tlog
C:\Opengl\Project\HandAnimation\HandAnimation\Debug\link.5544-cvtres.read.1.tlog
C:\Opengl\Project\HandAnimation\HandAnimation\Debug\link.5544-cvtres.write.1.tlog
C:\Opengl\Project\HandAnimation\HandAnimation\Debug\link.5544-rc.read.1.tlog
C:\Opengl\Project\HandAnimation\HandAnimation\Debug\link.5544-rc.write.1.tlog
C:\Opengl\Project\HandAnimation\HandAnimation\Debug\link.5544.read.1.tlog
C:\Opengl\Project\HandAnimation\HandAnimation\Debug\link.5544.write.1.tlog
C:\Opengl\Project\HandAnimation\HandAnimation\Debug\link.6020-cvtres.read.1.tlog
C:\Opengl\Project\HandAnimation\HandAnimation\Debug\link.6020-cvtres.write.1.tlog
C:\Opengl\Project\HandAnimation\HandAnimation\Debug\link.6020-rc.read.1.tlog
C:\Opengl\Project\HandAnimation\HandAnimation\Debug\link.6020-rc.write.1.tlog
C:\Opengl\Project\HandAnimation\HandAnimation\Debug\link.6020.read.1.tlog
C:\Opengl\Project\HandAnimation\HandAnimation\Debug\link.6020.write.1.tlog
C:\Opengl\Project\HandAnimation\HandAnimation\Debug\link.6024-cvtres.read.1.tlog
C:\Opengl\Project\HandAnimation\HandAnimation\Debug\link.6024-cvtres.write.1.tlog
C:\Opengl\Project\HandAnimation\HandAnimation\Debug\link.6024-rc.read.1.tlog
C:\Opengl\Project\HandAnimation\HandAnimation\Debug\link.6024-rc.write.1.tlog
C:\Opengl\Project\HandAnimation\HandAnimation\Debug\link.6024.read.1.tlog
C:\Opengl\Project\HandAnimation\HandAnimation\Debug\link.6024.write.1.tlog
C:\Opengl\Project\HandAnimation\HandAnimation\Debug\link.6712-cvtres.read.1.tlog
C:\Opengl\Project\HandAnimation\HandAnimation\Debug\link.6712-cvtres.write.1.tlog
C:\Opengl\Project\HandAnimation\HandAnimation\Debug\link.6712-rc.read.1.tlog
C:\Opengl\Project\HandAnimation\HandAnimation\Debug\link.6712-rc.write.1.tlog
C:\Opengl\Project\HandAnimation\HandAnimation\Debug\link.6712.read.1.tlog
C:\Opengl\Project\HandAnimation\HandAnimation\Debug\link.6712.write.1.tlog
C:\Opengl\Project\HandAnimation\HandAnimation\Debug\link.6988-cvtres.read.1.tlog
C:\Opengl\Project\HandAnimation\HandAnimation\Debug\link.6988-cvtres.write.1.tlog
C:\Opengl\Project\HandAnimation\HandAnimation\Debug\link.6988-rc.read.1.tlog
C:\Opengl\Project\HandAnimation\HandAnimation\Debug\link.6988-rc.write.1.tlog
C:\Opengl\Project\HandAnimation\HandAnimation\Debug\link.6988.read.1.tlog
C:\Opengl\Project\HandAnimation\HandAnimation\Debug\link.6988.write.1.tlog
C:\Opengl\Project\HandAnimation\HandAnimation\Debug\link.7576-cvtres.read.1.tlog
C:\Opengl\Project\HandAnimation\HandAnimation\Debug\link.7576-cvtres.write.1.tlog
C:\Opengl\Project\HandAnimation\HandAnimation\Debug\link.7576-rc.read.1.tlog
C:\Opengl\Project\HandAnimation\HandAnimation\Debug\link.7576-rc.write.1.tlog
C:\Opengl\Project\HandAnimation\HandAnimation\Debug\link.7576.read.1.tlog
C:\Opengl\Project\HandAnimation\HandAnimation\Debug\link.7576.write.1.tlog
C:\Opengl\Project\HandAnimation\HandAnimation\Debug\link.8028-cvtres.read.1.tlog
C:\Opengl\Project\HandAnimation\HandAnimation\Debug\link.8028-cvtres.write.1.tlog
C:\Opengl\Project\HandAnimation\HandAnimation\Debug\link.8028-rc.read.1.tlog
C:\Opengl\Project\HandAnimation\HandAnimation\Debug\link.8028-rc.write.1.tlog
C:\Opengl\Project\HandAnimation\HandAnimation\Debug\link.8028.read.1.tlog
C:\Opengl\Project\HandAnimation\HandAnimation\Debug\link.8028.write.1.tlog
C:\Opengl\Project\HandAnimation\HandAnimation\Debug\link.8076-cvtres.read.1.tlog
C:\Opengl\Project\HandAnimation\HandAnimation\Debug\link.8076-cvtres.write.1.tlog
C:\Opengl\Project\HandAnimation\HandAnimation\Debug\link.8076-rc.read.1.tlog
C:\Opengl\Project\HandAnimation\HandAnimation\Debug\link.8076-rc.write.1.tlog
C:\Opengl\Project\HandAnimation\HandAnimation\Debug\link.8076.read.1.tlog
C:\Opengl\Project\HandAnimation\HandAnimation\Debug\link.8076.write.1.tlog
C:\Opengl\Project\HandAnimation\HandAnimation\Debug\link.8876-cvtres.read.1.tlog
C:\Opengl\Project\HandAnimation\HandAnimation\Debug\link.8876-cvtres.write.1.tlog
C:\Opengl\Project\HandAnimation\HandAnimation\Debug\link.8876-rc.read.1.tlog
C:\Opengl\Project\HandAnimation\HandAnimation\Debug\link.8876-rc.write.1.tlog
C:\Opengl\Project\HandAnimation\HandAnimation\Debug\link.8876.read.1.tlog
C:\Opengl\Project\HandAnimation\HandAnimation\Debug\link.8876.write.1.tlog
C:\Opengl\Project\HandAnimation\HandAnimation\Debug\link.8916-cvtres.read.1.tlog
C:\Opengl\Project\HandAnimation\HandAnimation\Debug\link.8916-cvtres.write.1.tlog
C:\Opengl\Project\HandAnimation\HandAnimation\Debug\link.8916-rc.read.1.tlog
C:\Opengl\Project\HandAnimation\HandAnimation\Debug\link.8916-rc.write.1.tlog
C:\Opengl\Project\HandAnimation\HandAnimation\Debug\link.8916.read.1.tlog
C:\Opengl\Project\HandAnimation\HandAnimation\Debug\link.8916.write.1.tlog
C:\Opengl\Project\HandAnimation\HandAnimation\Debug\link.9160-cvtres.read.1.tlog
C:\Opengl\Project\HandAnimation\HandAnimation\Debug\link.9160-cvtres.write.1.tlog
C:\Opengl\Project\HandAnimation\HandAnimation\Debug\link.9160-rc.read.1.tlog
C:\Opengl\Project\HandAnimation\HandAnimation\Debug\link.9160-rc.write.1.tlog
C:\Opengl\Project\HandAnimation\HandAnimation\Debug\link.9160.read.1.tlog
C:\Opengl\Project\HandAnimation\HandAnimation\Debug\link.9160.write.1.tlog
C:\Opengl\Project\HandAnimation\HandAnimation\Debug\link.9548-cvtres.read.1.tlog
C:\Opengl\Project\HandAnimation\HandAnimation\Debug\link.9548-cvtres.write.1.tlog
C:\Opengl\Project\HandAnimation\HandAnimation\Debug\link.9548-rc.read.1.tlog
C:\Opengl\Project\HandAnimation\HandAnimation\Debug\link.9548-rc.write.1.tlog
C:\Opengl\Project\HandAnimation\HandAnimation\Debug\link.9548.read.1.tlog
C:\Opengl\Project\HandAnimation\HandAnimation\Debug\link.9548.write.1.tlog
C:\Opengl\Project\HandAnimation\HandAnimation\Debug\link.9568-cvtres.read.1.tlog
C:\Opengl\Project\HandAnimation\HandAnimation\Debug\link.9568-cvtres.write.1.tlog
C:\Opengl\Project\HandAnimation\HandAnimation\Debug\link.9568-rc.read.1.tlog
C:\Opengl\Project\HandAnimation\HandAnimation\Debug\link.9568-rc.write.1.tlog
C:\Opengl\Project\HandAnimation\HandAnimation\Debug\link.9568.read.1.tlog
C:\Opengl\Project\HandAnimation\HandAnimation\Debug\link.9568.write.1.tlog
C:\Opengl\Project\HandAnimation\HandAnimation\Debug\link.9688-cvtres.read.1.tlog
C:\Opengl\Project\HandAnimation\HandAnimation\Debug\link.9688-cvtres.write.1.tlog
C:\Opengl\Project\HandAnimation\HandAnimation\Debug\link.9688-rc.read.1.tlog
C:\Opengl\Project\HandAnimation\HandAnimation\Debug\link.9688-rc.write.1.tlog
C:\Opengl\Project\HandAnimation\HandAnimation\Debug\link.9688.read.1.tlog
C:\Opengl\Project\HandAnimation\HandAnimation\Debug\link.9688.write.1.tlog
C:\Opengl\Project\HandAnimation\HandAnimation\Debug\link.command.1.tlog
C:\Opengl\Project\HandAnimation\HandAnimation\Debug\link.read.1.tlog
C:\Opengl\Project\HandAnimation\HandAnimation\Debug\link.write.1.tlog
C:\Opengl\Project\HandAnimation\HandAnimation\Debug\vc110.idb
C:\Opengl\Project\HandAnimation\HandAnimation\Debug\vc110.pdb
C:\Opengl\Project\HandAnimation\Debug\HandAnimation.pdb
C:\Opengl\Project\HandAnimation\Debug\HandAnimation.exe
C:\Opengl\Project\HandAnimation\Debug\HandAnimation.ilk
